<?xml version="1.0" encoding="UTF-8" ?>
<testsuite tests="7" failures="0" name="br.localiza.app.runners.RunnerTest" time="449.212" errors="1" skipped="0">
  <properties>
[...]
</properties>
  <testcase classname="Abastecer um determinado veiculo de uma agencia" name="Abastecer veiculo combustivel Etanol Forncedor Interno" time="80.987"/>
  <testcase classname="Abastecer um determinado veiculo de uma agencia" name="Abastecer veiculo combustivel Etanol Forncedor Externo" time="111.583">
    <error message="An element could not be located on the page using the given search parameters.
For documentation on this error, please visit: https://www.seleniumhq.org/exceptions/no_such_element.html
Build info: version: &apos;3.141.59&apos;, revision: &apos;e82be7d358&apos;, time: &apos;2018-11-14T08:17:03&apos;
System info: host: &apos;TCR-00217&apos;, ip: &apos;192.168.0.107&apos;, os.name: &apos;Windows 10&apos;, os.arch: &apos;amd64&apos;, os.version: &apos;10.0&apos;, java.version: &apos;1.8.0_261&apos;
Driver info: io.appium.java_client.android.AndroidDriver
Capabilities {app: C:\Users\195869\eclipse-wor..., appActivity: com.localiza.menuapp.ui.mai..., appPackage: com.localiza.menuapp, autoGrantPermissions: true, databaseEnabled: false, desired: {app: C:\Users\195869\eclipse-wor..., appActivity: com.localiza.menuapp.ui.mai..., appPackage: com.localiza.menuapp, autoGrantPermissions: true, deviceName: Nexus 6, platformName: android, platformVersion: 7}, deviceApiLevel: 24, deviceManufacturer: Google, deviceModel: Android SDK built for x86, deviceName: emulator-5554, deviceScreenDensity: 560, deviceScreenSize: 1440x2560, deviceUDID: emulator-5554, javascriptEnabled: true, locationContextEnabled: false, networkConnectionEnabled: true, pixelRatio: 3.5, platform: LINUX, platformName: Android, platformVersion: 7.0, statBarHeight: 84, takesScreenshot: true, viewportRect: {height: 2308, left: 0, top: 84, width: 1440}, warnings: {}, webStorageEnabled: false}
Session ID: 1e7f0acc-7994-4114-b2cb-0a7bcf237e56
*** Element info: {Using=id, value=com.localiza.menuapp:id/input_senha}" type="org.openqa.selenium.NoSuchElementException">org.openqa.selenium.NoSuchElementException: An element could not be located on the page using the given search parameters.
For documentation on this error, please visit: https://www.seleniumhq.org/exceptions/no_such_element.html
Build info: version: &apos;3.141.59&apos;, revision: &apos;e82be7d358&apos;, time: &apos;2018-11-14T08:17:03&apos;
System info: host: &apos;TCR-00217&apos;, ip: &apos;192.168.0.107&apos;, os.name: &apos;Windows 10&apos;, os.arch: &apos;amd64&apos;, os.version: &apos;10.0&apos;, java.version: &apos;1.8.0_261&apos;
Driver info: io.appium.java_client.android.AndroidDriver
Capabilities {app: C:\Users\195869\eclipse-wor..., appActivity: com.localiza.menuapp.ui.mai..., appPackage: com.localiza.menuapp, autoGrantPermissions: true, databaseEnabled: false, desired: {app: C:\Users\195869\eclipse-wor..., appActivity: com.localiza.menuapp.ui.mai..., appPackage: com.localiza.menuapp, autoGrantPermissions: true, deviceName: Nexus 6, platformName: android, platformVersion: 7}, deviceApiLevel: 24, deviceManufacturer: Google, deviceModel: Android SDK built for x86, deviceName: emulator-5554, deviceScreenDensity: 560, deviceScreenSize: 1440x2560, deviceUDID: emulator-5554, javascriptEnabled: true, locationContextEnabled: false, networkConnectionEnabled: true, pixelRatio: 3.5, platform: LINUX, platformName: Android, platformVersion: 7.0, statBarHeight: 84, takesScreenshot: true, viewportRect: {height: 2308, left: 0, top: 84, width: 1440}, warnings: {}, webStorageEnabled: false}
Session ID: 1e7f0acc-7994-4114-b2cb-0a7bcf237e56
*** Element info: {Using=id, value=com.localiza.menuapp:id/input_senha}
	at sun.reflect.NativeConstructorAccessorImpl.newInstance0(Native Method)
	at sun.reflect.NativeConstructorAccessorImpl.newInstance(NativeConstructorAccessorImpl.java:62)
	at sun.reflect.DelegatingConstructorAccessorImpl.newInstance(DelegatingConstructorAccessorImpl.java:45)
	at java.lang.reflect.Constructor.newInstance(Constructor.java:423)
	at org.openqa.selenium.remote.http.W3CHttpResponseCodec.createException(W3CHttpResponseCodec.java:187)
	at org.openqa.selenium.remote.http.W3CHttpResponseCodec.decode(W3CHttpResponseCodec.java:122)
	at org.openqa.selenium.remote.http.W3CHttpResponseCodec.decode(W3CHttpResponseCodec.java:49)
	at org.openqa.selenium.remote.HttpCommandExecutor.execute(HttpCommandExecutor.java:158)
	at io.appium.java_client.remote.AppiumCommandExecutor.execute(AppiumCommandExecutor.java:239)
	at org.openqa.selenium.remote.RemoteWebDriver.execute(RemoteWebDriver.java:552)
	at io.appium.java_client.DefaultGenericMobileDriver.execute(DefaultGenericMobileDriver.java:41)
	at io.appium.java_client.AppiumDriver.execute(AppiumDriver.java:1)
	at io.appium.java_client.android.AndroidDriver.execute(AndroidDriver.java:1)
	at org.openqa.selenium.remote.RemoteWebDriver.findElement(RemoteWebDriver.java:323)
	at io.appium.java_client.DefaultGenericMobileDriver.findElement(DefaultGenericMobileDriver.java:61)
	at io.appium.java_client.AppiumDriver.findElement(AppiumDriver.java:1)
	at io.appium.java_client.android.AndroidDriver.findElement(AndroidDriver.java:1)
	at org.openqa.selenium.remote.RemoteWebDriver.findElementById(RemoteWebDriver.java:372)
	at io.appium.java_client.DefaultGenericMobileDriver.findElementById(DefaultGenericMobileDriver.java:69)
	at io.appium.java_client.AppiumDriver.findElementById(AppiumDriver.java:1)
	at io.appium.java_client.android.AndroidDriver.findElementById(AndroidDriver.java:1)
	at br.localiza.app.page.LoginPage.with(LoginPage.java:40)
	at br.localiza.app.steps.AbastercerSteps.queRealizoAPesquisarDeUmaPlaca(AbastercerSteps.java:26)
	at ✽.que realizo a pesquisar de uma placa &quot;QWU6260&quot;(file:src/test/resources/features/AbastecerVeiculo.feature:13)
</error>
    <system-out>
  Scenario: Abastecer veiculo combustivel Etanol Forncedor Externo     # src/test/resources/features/AbastecerVeiculo.feature:12
    Given que realizo a pesquisar de uma placa &quot;QWU6260&quot;               # AbastercerSteps.queRealizoAPesquisarDeUmaPlaca(String)
      org.openqa.selenium.NoSuchElementException: An element could not be located on the page using the given search parameters.
For documentation on this error, please visit: https://www.seleniumhq.org/exceptions/no_such_element.html
Build info: version: &apos;3.141.59&apos;, revision: &apos;e82be7d358&apos;, time: &apos;2018-11-14T08:17:03&apos;
System info: host: &apos;TCR-00217&apos;, ip: &apos;192.168.0.107&apos;, os.name: &apos;Windows 10&apos;, os.arch: &apos;amd64&apos;, os.version: &apos;10.0&apos;, java.version: &apos;1.8.0_261&apos;
Driver info: io.appium.java_client.android.AndroidDriver
Capabilities {app: C:\Users\195869\eclipse-wor..., appActivity: com.localiza.menuapp.ui.mai..., appPackage: com.localiza.menuapp, autoGrantPermissions: true, databaseEnabled: false, desired: {app: C:\Users\195869\eclipse-wor..., appActivity: com.localiza.menuapp.ui.mai..., appPackage: com.localiza.menuapp, autoGrantPermissions: true, deviceName: Nexus 6, platformName: android, platformVersion: 7}, deviceApiLevel: 24, deviceManufacturer: Google, deviceModel: Android SDK built for x86, deviceName: emulator-5554, deviceScreenDensity: 560, deviceScreenSize: 1440x2560, deviceUDID: emulator-5554, javascriptEnabled: true, locationContextEnabled: false, networkConnectionEnabled: true, pixelRatio: 3.5, platform: LINUX, platformName: Android, platformVersion: 7.0, statBarHeight: 84, takesScreenshot: true, viewportRect: {height: 2308, left: 0, top: 84, width: 1440}, warnings: {}, webStorageEnabled: false}
Session ID: 1e7f0acc-7994-4114-b2cb-0a7bcf237e56
*** Element info: {Using=id, value=com.localiza.menuapp:id/input_senha}
	at sun.reflect.NativeConstructorAccessorImpl.newInstance0(Native Method)
	at sun.reflect.NativeConstructorAccessorImpl.newInstance(NativeConstructorAccessorImpl.java:62)
	at sun.reflect.DelegatingConstructorAccessorImpl.newInstance(DelegatingConstructorAccessorImpl.java:45)
	at java.lang.reflect.Constructor.newInstance(Constructor.java:423)
	at org.openqa.selenium.remote.http.W3CHttpResponseCodec.createException(W3CHttpResponseCodec.java:187)
	at org.openqa.selenium.remote.http.W3CHttpResponseCodec.decode(W3CHttpResponseCodec.java:122)
	at org.openqa.selenium.remote.http.W3CHttpResponseCodec.decode(W3CHttpResponseCodec.java:49)
	at org.openqa.selenium.remote.HttpCommandExecutor.execute(HttpCommandExecutor.java:158)
	at io.appium.java_client.remote.AppiumCommandExecutor.execute(AppiumCommandExecutor.java:239)
	at org.openqa.selenium.remote.RemoteWebDriver.execute(RemoteWebDriver.java:552)
	at io.appium.java_client.DefaultGenericMobileDriver.execute(DefaultGenericMobileDriver.java:41)
	at io.appium.java_client.AppiumDriver.execute(AppiumDriver.java:1)
	at io.appium.java_client.android.AndroidDriver.execute(AndroidDriver.java:1)
	at org.openqa.selenium.remote.RemoteWebDriver.findElement(RemoteWebDriver.java:323)
	at io.appium.java_client.DefaultGenericMobileDriver.findElement(DefaultGenericMobileDriver.java:61)
	at io.appium.java_client.AppiumDriver.findElement(AppiumDriver.java:1)
	at io.appium.java_client.android.AndroidDriver.findElement(AndroidDriver.java:1)
	at org.openqa.selenium.remote.RemoteWebDriver.findElementById(RemoteWebDriver.java:372)
	at io.appium.java_client.DefaultGenericMobileDriver.findElementById(DefaultGenericMobileDriver.java:69)
	at io.appium.java_client.AppiumDriver.findElementById(AppiumDriver.java:1)
	at io.appium.java_client.android.AndroidDriver.findElementById(AndroidDriver.java:1)
	at br.localiza.app.page.LoginPage.with(LoginPage.java:40)
	at br.localiza.app.steps.AbastercerSteps.queRealizoAPesquisarDeUmaPlaca(AbastercerSteps.java:26)
	at ?.que realizo a pesquisar de uma placa &quot;QWU6260&quot;(file:src/test/resources/features/AbastecerVeiculo.feature:13)

    And informo o forncedor externo                                    # AbastercerSteps.informoOForncedorExterno()
    And informo o valor bruto &quot;50&quot;                                     # AbastercerSteps.informoOValorBruto(String)
    And informo o numero &quot;12345&quot;                                       # AbastercerSteps.informoONumero(String)
    And informo a data emissao &quot;23/12/2020&quot;                            # AbastercerSteps.informoADataEmissao(String)
    And informo a data de vencimento &quot;01/12/2021&quot;                      # AbastercerSteps.informoADataDeVencimento(String)
    And informo o tipo de combustivel e quantidade de litros do tanque # AbastercerSteps.informoOTipoDeCombustivelEQuantidadeDeLitrosDoTanque()
    When confirmo o abastecimento e volto para agencia                 # AbastercerSteps.confirmoOAbastecimentoEVoltoParaAgencia()
</system-out>
  </testcase>
  <testcase classname="Abastecer um determinado veiculo de uma agencia" name="Abastecer veiculo combustivel Gasolina Forncedor Externo" time="64.229"/>
  <testcase classname="Abastecer um determinado veiculo de uma agencia" name="Abastecer veiculo combustivel Etanol Forncedor Externo partida frio Etanol" time="48.372"/>
  <testcase classname="Abastecer um determinado veiculo de uma agencia" name="Abastecer veiculo combustivel Etanol Forncedor Externo partida frio Gasolina" time="47.746"/>
  <testcase classname="Abastecer um determinado veiculo de uma agencia" name="Abastecer veiculo combustivel Gasolina Forncedor Externo partida frio Gasolina" time="48.346"/>
  <testcase classname="Abastecer um determinado veiculo de uma agencia" name="Abastecer veiculo combustivel Gasolina Forncedor Externo partida frio Etanol" time="47.949"/>
</testsuite>